<?xml version="1.0" encoding="UTF-8"?>
<!-- Generated by org.testng.reporters.JUnitReportReporter -->
<testsuite hostname="DESKTOP-NI9GC6O" failures="0" tests="1" name="SampleTests.Incognito" time="8.784" errors="0" timestamp="2024-10-30T11:52:48 IST" skipped="0">
  <testcase classname="SampleTests.Incognito" name="runIncognito" time="8.784"/>
</testsuite> <!-- SampleTests.Incognito -->
