<?xml version="1.0" encoding="UTF-8"?>
<!-- Generated by org.testng.reporters.JUnitReportReporter -->
<testsuite hostname="DESKTOP-NI9GC6O" failures="0" tests="1" name="SampleTests.Incognito" time="7.544" errors="0" timestamp="2024-10-29T14:51:36 IST" skipped="0">
  <testcase classname="SampleTests.Incognito" name="runIncognito" time="7.544"/>
</testsuite> <!-- SampleTests.Incognito -->
